This is pdfTeX, Version 3.1415926-2.5-1.40.14 (MiKTeX 2.9) (preloaded format=pdflatex 2014.6.14)  18 AUG 2014 21:48
entering extended mode
**qubic-thesis.tex
(E:\Dropbox\Private\Qubic\thesis\qubic-thesis.tex
LaTeX2e <2011/06/27>
Babel <v3.8m> and hyphenation patterns for english, afrikaans, ancientgreek, ar
abic, armenian, assamese, basque, bengali, bokmal, bulgarian, catalan, coptic, 
croatian, czech, danish, dutch, esperanto, estonian, farsi, finnish, french, ga
lician, german, german-x-2013-05-26, greek, gujarati, hindi, hungarian, iceland
ic, indonesian, interlingua, irish, italian, kannada, kurmanji, latin, latvian,
 lithuanian, malayalam, marathi, mongolian, mongolianlmc, monogreek, ngerman, n
german-x-2013-05-26, nynorsk, oriya, panjabi, pinyin, polish, portuguese, roman
ian, russian, sanskrit, serbian, slovak, slovenian, spanish, swedish, swissgerm
an, tamil, telugu, turkish, turkmen, ukenglish, ukrainian, uppersorbian, usengl
ishmax, welsh, loaded.
(E:\MiKTeX\tex\latex\base\report.cls
Document Class: report 2007/10/19 v1.4h Standard LaTeX document class
(E:\MiKTeX\tex\latex\base\size12.clo
File: size12.clo 2007/10/19 v1.4h Standard LaTeX file (size option)
)
\c@part=\count79
\c@chapter=\count80
\c@section=\count81
\c@subsection=\count82
\c@subsubsection=\count83
\c@paragraph=\count84
\c@subparagraph=\count85
\c@figure=\count86
\c@table=\count87
\abovecaptionskip=\skip41
\belowcaptionskip=\skip42
\bibindent=\dimen102
) (E:\MiKTeX\tex\latex\base\fontenc.sty
Package: fontenc 2005/09/27 v1.99g Standard LaTeX package

(E:\MiKTeX\tex\latex\base\t1enc.def
File: t1enc.def 2005/09/27 v1.99g Standard LaTeX file
LaTeX Font Info:    Redeclaring font encoding T1 on input line 43.
)) (E:\MiKTeX\tex\latex\base\inputenc.sty
Package: inputenc 2008/03/30 v1.1d Input encoding file
\inpenc@prehook=\toks14
\inpenc@posthook=\toks15

(E:\MiKTeX\tex\latex\base\utf8.def
File: utf8.def 2008/04/05 v1.1m UTF-8 support for inputenc
Now handling font encoding OML ...
... no UTF-8 mapping file for font encoding OML
Now handling font encoding T1 ...
... processing UTF-8 mapping file for font encoding T1
 (E:\MiKTeX\tex\latex\base\t1enc.dfu
File: t1enc.dfu 2008/04/05 v1.1m UTF-8 support for inputenc
   defining Unicode char U+00A1 (decimal 161)
   defining Unicode char U+00A3 (decimal 163)
   defining Unicode char U+00AB (decimal 171)
   defining Unicode char U+00BB (decimal 187)
   defining Unicode char U+00BF (decimal 191)
   defining Unicode char U+00C0 (decimal 192)
   defining Unicode char U+00C1 (decimal 193)
   defining Unicode char U+00C2 (decimal 194)
   defining Unicode char U+00C3 (decimal 195)
   defining Unicode char U+00C4 (decimal 196)
   defining Unicode char U+00C5 (decimal 197)
   defining Unicode char U+00C6 (decimal 198)
   defining Unicode char U+00C7 (decimal 199)
   defining Unicode char U+00C8 (decimal 200)
   defining Unicode char U+00C9 (decimal 201)
   defining Unicode char U+00CA (decimal 202)
   defining Unicode char U+00CB (decimal 203)
   defining Unicode char U+00CC (decimal 204)
   defining Unicode char U+00CD (decimal 205)
   defining Unicode char U+00CE (decimal 206)
   defining Unicode char U+00CF (decimal 207)
   defining Unicode char U+00D0 (decimal 208)
   defining Unicode char U+00D1 (decimal 209)
   defining Unicode char U+00D2 (decimal 210)
   defining Unicode char U+00D3 (decimal 211)
   defining Unicode char U+00D4 (decimal 212)
   defining Unicode char U+00D5 (decimal 213)
   defining Unicode char U+00D6 (decimal 214)
   defining Unicode char U+00D8 (decimal 216)
   defining Unicode char U+00D9 (decimal 217)
   defining Unicode char U+00DA (decimal 218)
   defining Unicode char U+00DB (decimal 219)
   defining Unicode char U+00DC (decimal 220)
   defining Unicode char U+00DD (decimal 221)
   defining Unicode char U+00DE (decimal 222)
   defining Unicode char U+00DF (decimal 223)
   defining Unicode char U+00E0 (decimal 224)
   defining Unicode char U+00E1 (decimal 225)
   defining Unicode char U+00E2 (decimal 226)
   defining Unicode char U+00E3 (decimal 227)
   defining Unicode char U+00E4 (decimal 228)
   defining Unicode char U+00E5 (decimal 229)
   defining Unicode char U+00E6 (decimal 230)
   defining Unicode char U+00E7 (decimal 231)
   defining Unicode char U+00E8 (decimal 232)
   defining Unicode char U+00E9 (decimal 233)
   defining Unicode char U+00EA (decimal 234)
   defining Unicode char U+00EB (decimal 235)
   defining Unicode char U+00EC (decimal 236)
   defining Unicode char U+00ED (decimal 237)
   defining Unicode char U+00EE (decimal 238)
   defining Unicode char U+00EF (decimal 239)
   defining Unicode char U+00F0 (decimal 240)
   defining Unicode char U+00F1 (decimal 241)
   defining Unicode char U+00F2 (decimal 242)
   defining Unicode char U+00F3 (decimal 243)
   defining Unicode char U+00F4 (decimal 244)
   defining Unicode char U+00F5 (decimal 245)
   defining Unicode char U+00F6 (decimal 246)
   defining Unicode char U+00F8 (decimal 248)
   defining Unicode char U+00F9 (decimal 249)
   defining Unicode char U+00FA (decimal 250)
   defining Unicode char U+00FB (decimal 251)
   defining Unicode char U+00FC (decimal 252)
   defining Unicode char U+00FD (decimal 253)
   defining Unicode char U+00FE (decimal 254)
   defining Unicode char U+00FF (decimal 255)
   defining Unicode char U+0102 (decimal 258)
   defining Unicode char U+0103 (decimal 259)
   defining Unicode char U+0104 (decimal 260)
   defining Unicode char U+0105 (decimal 261)
   defining Unicode char U+0106 (decimal 262)
   defining Unicode char U+0107 (decimal 263)
   defining Unicode char U+010C (decimal 268)
   defining Unicode char U+010D (decimal 269)
   defining Unicode char U+010E (decimal 270)
   defining Unicode char U+010F (decimal 271)
   defining Unicode char U+0110 (decimal 272)
   defining Unicode char U+0111 (decimal 273)
   defining Unicode char U+0118 (decimal 280)
   defining Unicode char U+0119 (decimal 281)
   defining Unicode char U+011A (decimal 282)
   defining Unicode char U+011B (decimal 283)
   defining Unicode char U+011E (decimal 286)
   defining Unicode char U+011F (decimal 287)
   defining Unicode char U+0130 (decimal 304)
   defining Unicode char U+0131 (decimal 305)
   defining Unicode char U+0132 (decimal 306)
   defining Unicode char U+0133 (decimal 307)
   defining Unicode char U+0139 (decimal 313)
   defining Unicode char U+013A (decimal 314)
   defining Unicode char U+013D (decimal 317)
   defining Unicode char U+013E (decimal 318)
   defining Unicode char U+0141 (decimal 321)
   defining Unicode char U+0142 (decimal 322)
   defining Unicode char U+0143 (decimal 323)
   defining Unicode char U+0144 (decimal 324)
   defining Unicode char U+0147 (decimal 327)
   defining Unicode char U+0148 (decimal 328)
   defining Unicode char U+014A (decimal 330)
   defining Unicode char U+014B (decimal 331)
   defining Unicode char U+0150 (decimal 336)
   defining Unicode char U+0151 (decimal 337)
   defining Unicode char U+0152 (decimal 338)
   defining Unicode char U+0153 (decimal 339)
   defining Unicode char U+0154 (decimal 340)
   defining Unicode char U+0155 (decimal 341)
   defining Unicode char U+0158 (decimal 344)
   defining Unicode char U+0159 (decimal 345)
   defining Unicode char U+015A (decimal 346)
   defining Unicode char U+015B (decimal 347)
   defining Unicode char U+015E (decimal 350)
   defining Unicode char U+015F (decimal 351)
   defining Unicode char U+0160 (decimal 352)
   defining Unicode char U+0161 (decimal 353)
   defining Unicode char U+0162 (decimal 354)
   defining Unicode char U+0163 (decimal 355)
   defining Unicode char U+0164 (decimal 356)
   defining Unicode char U+0165 (decimal 357)
   defining Unicode char U+016E (decimal 366)
   defining Unicode char U+016F (decimal 367)
   defining Unicode char U+0170 (decimal 368)
   defining Unicode char U+0171 (decimal 369)
   defining Unicode char U+0178 (decimal 376)
   defining Unicode char U+0179 (decimal 377)
   defining Unicode char U+017A (decimal 378)
   defining Unicode char U+017B (decimal 379)
   defining Unicode char U+017C (decimal 380)
   defining Unicode char U+017D (decimal 381)
   defining Unicode char U+017E (decimal 382)
   defining Unicode char U+200C (decimal 8204)
   defining Unicode char U+2013 (decimal 8211)
   defining Unicode char U+2014 (decimal 8212)
   defining Unicode char U+2018 (decimal 8216)
   defining Unicode char U+2019 (decimal 8217)
   defining Unicode char U+201A (decimal 8218)
   defining Unicode char U+201C (decimal 8220)
   defining Unicode char U+201D (decimal 8221)
   defining Unicode char U+201E (decimal 8222)
   defining Unicode char U+2030 (decimal 8240)
   defining Unicode char U+2031 (decimal 8241)
   defining Unicode char U+2039 (decimal 8249)
   defining Unicode char U+203A (decimal 8250)
   defining Unicode char U+2423 (decimal 9251)
)
Now handling font encoding OT1 ...
... processing UTF-8 mapping file for font encoding OT1

(E:\MiKTeX\tex\latex\base\ot1enc.dfu
File: ot1enc.dfu 2008/04/05 v1.1m UTF-8 support for inputenc
   defining Unicode char U+00A1 (decimal 161)
   defining Unicode char U+00A3 (decimal 163)
   defining Unicode char U+00B8 (decimal 184)
   defining Unicode char U+00BF (decimal 191)
   defining Unicode char U+00C5 (decimal 197)
   defining Unicode char U+00C6 (decimal 198)
   defining Unicode char U+00D8 (decimal 216)
   defining Unicode char U+00DF (decimal 223)
   defining Unicode char U+00E6 (decimal 230)
   defining Unicode char U+00EC (decimal 236)
   defining Unicode char U+00ED (decimal 237)
   defining Unicode char U+00EE (decimal 238)
   defining Unicode char U+00EF (decimal 239)
   defining Unicode char U+00F8 (decimal 248)
   defining Unicode char U+0131 (decimal 305)
   defining Unicode char U+0141 (decimal 321)
   defining Unicode char U+0142 (decimal 322)
   defining Unicode char U+0152 (decimal 338)
   defining Unicode char U+0153 (decimal 339)
   defining Unicode char U+2013 (decimal 8211)
   defining Unicode char U+2014 (decimal 8212)
   defining Unicode char U+2018 (decimal 8216)
   defining Unicode char U+2019 (decimal 8217)
   defining Unicode char U+201C (decimal 8220)
   defining Unicode char U+201D (decimal 8221)
)
Now handling font encoding OMS ...
... processing UTF-8 mapping file for font encoding OMS
 (E:\MiKTeX\tex\latex\base\omsenc.dfu
File: omsenc.dfu 2008/04/05 v1.1m UTF-8 support for inputenc
   defining Unicode char U+00A7 (decimal 167)
   defining Unicode char U+00B6 (decimal 182)
   defining Unicode char U+00B7 (decimal 183)
   defining Unicode char U+2020 (decimal 8224)
   defining Unicode char U+2021 (decimal 8225)
   defining Unicode char U+2022 (decimal 8226)
)
Now handling font encoding OMX ...
... no UTF-8 mapping file for font encoding OMX
Now handling font encoding U ...
... no UTF-8 mapping file for font encoding U
   defining Unicode char U+00A9 (decimal 169)
   defining Unicode char U+00AA (decimal 170)
   defining Unicode char U+00AE (decimal 174)
   defining Unicode char U+00BA (decimal 186)
   defining Unicode char U+02C6 (decimal 710)
   defining Unicode char U+02DC (decimal 732)
   defining Unicode char U+200C (decimal 8204)
   defining Unicode char U+2026 (decimal 8230)
   defining Unicode char U+2122 (decimal 8482)
   defining Unicode char U+2423 (decimal 9251)
))
(E:\MiKTeX\tex\latex\graphics\graphicx.sty
Package: graphicx 1999/02/16 v1.0f Enhanced LaTeX Graphics (DPC,SPQR)

(E:\MiKTeX\tex\latex\graphics\keyval.sty
Package: keyval 1999/03/16 v1.13 key=value parser (DPC)
\KV@toks@=\toks16
)
(E:\MiKTeX\tex\latex\graphics\graphics.sty
Package: graphics 2009/02/05 v1.0o Standard LaTeX Graphics (DPC,SPQR)

(E:\MiKTeX\tex\latex\graphics\trig.sty
Package: trig 1999/03/16 v1.09 sin cos tan (DPC)
)
(E:\MiKTeX\tex\latex\00miktex\graphics.cfg
File: graphics.cfg 2007/01/18 v1.5 graphics configuration of teTeX/TeXLive
)
Package graphics Info: Driver file: pdftex.def on input line 91.

(E:\MiKTeX\tex\latex\pdftex-def\pdftex.def
File: pdftex.def 2011/05/27 v0.06d Graphics/color for pdfTeX

(E:\MiKTeX\tex\generic\oberdiek\infwarerr.sty
Package: infwarerr 2010/04/08 v1.3 Providing info/warning/error messages (HO)
)
(E:\MiKTeX\tex\generic\oberdiek\ltxcmds.sty
Package: ltxcmds 2011/11/09 v1.22 LaTeX kernel commands for general use (HO)
)
\Gread@gobject=\count88
))
\Gin@req@height=\dimen103
\Gin@req@width=\dimen104
)
(C:\Users\GiBSoN\AppData\Roaming\MiKTeX\2.9\tex\latex\wrapfig\wrapfig.sty
\wrapoverhang=\dimen105
\WF@size=\dimen106
\c@WF@wrappedlines=\count89
\WF@box=\box26
\WF@everypar=\toks17
Package: wrapfig 2003/01/31  v 3.6
)
(E:\MiKTeX\tex\latex\amsmath\amsmath.sty
Package: amsmath 2013/01/14 v2.14 AMS math features
\@mathmargin=\skip43

For additional information on amsmath, use the `?' option.
(E:\MiKTeX\tex\latex\amsmath\amstext.sty
Package: amstext 2000/06/29 v2.01

(E:\MiKTeX\tex\latex\amsmath\amsgen.sty
File: amsgen.sty 1999/11/30 v2.0
\@emptytoks=\toks18
\ex@=\dimen107
))
(E:\MiKTeX\tex\latex\amsmath\amsbsy.sty
Package: amsbsy 1999/11/29 v1.2d
\pmbraise@=\dimen108
)
(E:\MiKTeX\tex\latex\amsmath\amsopn.sty
Package: amsopn 1999/12/14 v2.01 operator names
)
\inf@bad=\count90
LaTeX Info: Redefining \frac on input line 210.
\uproot@=\count91
\leftroot@=\count92
LaTeX Info: Redefining \overline on input line 306.
\classnum@=\count93
\DOTSCASE@=\count94
LaTeX Info: Redefining \ldots on input line 378.
LaTeX Info: Redefining \dots on input line 381.
LaTeX Info: Redefining \cdots on input line 466.
\Mathstrutbox@=\box27
\strutbox@=\box28
\big@size=\dimen109
LaTeX Font Info:    Redeclaring font encoding OML on input line 566.
LaTeX Font Info:    Redeclaring font encoding OMS on input line 567.
\macc@depth=\count95
\c@MaxMatrixCols=\count96
\dotsspace@=\muskip10
\c@parentequation=\count97
\dspbrk@lvl=\count98
\tag@help=\toks19
\row@=\count99
\column@=\count100
\maxfields@=\count101
\andhelp@=\toks20
\eqnshift@=\dimen110
\alignsep@=\dimen111
\tagshift@=\dimen112
\tagwidth@=\dimen113
\totwidth@=\dimen114
\lineht@=\dimen115
\@envbody=\toks21
\multlinegap=\skip44
\multlinetaggap=\skip45
\mathdisplay@stack=\toks22
LaTeX Info: Redefining \[ on input line 2665.
LaTeX Info: Redefining \] on input line 2666.
)
(E:\MiKTeX\tex\latex\amsfonts\amssymb.sty
Package: amssymb 2013/01/14 v3.01 AMS font symbols

(E:\MiKTeX\tex\latex\amsfonts\amsfonts.sty
Package: amsfonts 2013/01/14 v3.01 Basic AMSFonts support
\symAMSa=\mathgroup4
\symAMSb=\mathgroup5
LaTeX Font Info:    Overwriting math alphabet `\mathfrak' in version `bold'
(Font)                  U/euf/m/n --> U/euf/b/n on input line 106.
))
(C:\Users\GiBSoN\AppData\Roaming\MiKTeX\2.9\tex\latex\txfonts\txfonts.sty
Package: txfonts 2008/01/22 v3.2.1
LaTeX Font Info:    Redeclaring symbol font `operators' on input line 21.
LaTeX Font Info:    Overwriting symbol font `operators' in version `normal'
(Font)                  OT1/cmr/m/n --> OT1/txr/m/n on input line 21.
LaTeX Font Info:    Overwriting symbol font `operators' in version `bold'
(Font)                  OT1/cmr/bx/n --> OT1/txr/m/n on input line 21.
LaTeX Font Info:    Overwriting symbol font `operators' in version `bold'
(Font)                  OT1/txr/m/n --> OT1/txr/bx/n on input line 22.
\symitalic=\mathgroup6
LaTeX Font Info:    Overwriting symbol font `italic' in version `bold'
(Font)                  OT1/txr/m/it --> OT1/txr/bx/it on input line 26.
LaTeX Font Info:    Redeclaring math alphabet \mathbf on input line 29.
LaTeX Font Info:    Overwriting math alphabet `\mathbf' in version `normal'
(Font)                  OT1/cmr/bx/n --> OT1/txr/bx/n on input line 29.
LaTeX Font Info:    Overwriting math alphabet `\mathbf' in version `bold'
(Font)                  OT1/cmr/bx/n --> OT1/txr/bx/n on input line 29.
LaTeX Font Info:    Redeclaring math alphabet \mathit on input line 30.
LaTeX Font Info:    Overwriting math alphabet `\mathit' in version `normal'
(Font)                  OT1/cmr/m/it --> OT1/txr/m/it on input line 30.
LaTeX Font Info:    Overwriting math alphabet `\mathit' in version `bold'
(Font)                  OT1/cmr/bx/it --> OT1/txr/m/it on input line 30.
LaTeX Font Info:    Overwriting math alphabet `\mathit' in version `bold'
(Font)                  OT1/txr/m/it --> OT1/txr/bx/it on input line 31.
LaTeX Font Info:    Redeclaring math alphabet \mathsf on input line 40.
LaTeX Font Info:    Overwriting math alphabet `\mathsf' in version `normal'
(Font)                  OT1/cmss/m/n --> OT1/txss/m/n on input line 40.
LaTeX Font Info:    Overwriting math alphabet `\mathsf' in version `bold'
(Font)                  OT1/cmss/bx/n --> OT1/txss/m/n on input line 40.
LaTeX Font Info:    Overwriting math alphabet `\mathsf' in version `bold'
(Font)                  OT1/txss/m/n --> OT1/txss/b/n on input line 41.
LaTeX Font Info:    Redeclaring math alphabet \mathtt on input line 50.
LaTeX Font Info:    Overwriting math alphabet `\mathtt' in version `normal'
(Font)                  OT1/cmtt/m/n --> OT1/txtt/m/n on input line 50.
LaTeX Font Info:    Overwriting math alphabet `\mathtt' in version `bold'
(Font)                  OT1/cmtt/m/n --> OT1/txtt/m/n on input line 50.
LaTeX Font Info:    Overwriting math alphabet `\mathtt' in version `bold'
(Font)                  OT1/txtt/m/n --> OT1/txtt/b/n on input line 51.
LaTeX Font Info:    Redeclaring symbol font `letters' on input line 58.
LaTeX Font Info:    Overwriting symbol font `letters' in version `normal'
(Font)                  OML/cmm/m/it --> OML/txmi/m/it on input line 58.
LaTeX Font Info:    Overwriting symbol font `letters' in version `bold'
(Font)                  OML/cmm/b/it --> OML/txmi/m/it on input line 58.
LaTeX Font Info:    Overwriting symbol font `letters' in version `bold'
(Font)                  OML/txmi/m/it --> OML/txmi/bx/it on input line 59.
\symlettersA=\mathgroup7
LaTeX Font Info:    Overwriting symbol font `lettersA' in version `bold'
(Font)                  U/txmia/m/it --> U/txmia/bx/it on input line 67.
LaTeX Font Info:    Redeclaring math alphabet \mathfrak on input line 70.
LaTeX Font Info:    Redeclaring symbol font `symbols' on input line 77.
LaTeX Font Info:    Overwriting symbol font `symbols' in version `normal'
(Font)                  OMS/cmsy/m/n --> OMS/txsy/m/n on input line 77.
LaTeX Font Info:    Overwriting symbol font `symbols' in version `bold'
(Font)                  OMS/cmsy/b/n --> OMS/txsy/m/n on input line 77.
LaTeX Font Info:    Overwriting symbol font `symbols' in version `bold'
(Font)                  OMS/txsy/m/n --> OMS/txsy/bx/n on input line 78.
LaTeX Font Info:    Redeclaring symbol font `AMSa' on input line 93.
LaTeX Font Info:    Overwriting symbol font `AMSa' in version `normal'
(Font)                  U/msa/m/n --> U/txsya/m/n on input line 93.
LaTeX Font Info:    Overwriting symbol font `AMSa' in version `bold'
(Font)                  U/msa/m/n --> U/txsya/m/n on input line 93.
LaTeX Font Info:    Overwriting symbol font `AMSa' in version `bold'
(Font)                  U/txsya/m/n --> U/txsya/bx/n on input line 94.
LaTeX Font Info:    Redeclaring symbol font `AMSb' on input line 102.
LaTeX Font Info:    Overwriting symbol font `AMSb' in version `normal'
(Font)                  U/msb/m/n --> U/txsyb/m/n on input line 102.
LaTeX Font Info:    Overwriting symbol font `AMSb' in version `bold'
(Font)                  U/msb/m/n --> U/txsyb/m/n on input line 102.
LaTeX Font Info:    Overwriting symbol font `AMSb' in version `bold'
(Font)                  U/txsyb/m/n --> U/txsyb/bx/n on input line 103.
\symsymbolsC=\mathgroup8
LaTeX Font Info:    Overwriting symbol font `symbolsC' in version `bold'
(Font)                  U/txsyc/m/n --> U/txsyc/bx/n on input line 113.
LaTeX Font Info:    Redeclaring symbol font `largesymbols' on input line 120.
LaTeX Font Info:    Overwriting symbol font `largesymbols' in version `normal'
(Font)                  OMX/cmex/m/n --> OMX/txex/m/n on input line 120.
LaTeX Font Info:    Overwriting symbol font `largesymbols' in version `bold'
(Font)                  OMX/cmex/m/n --> OMX/txex/m/n on input line 120.
LaTeX Font Info:    Overwriting symbol font `largesymbols' in version `bold'
(Font)                  OMX/txex/m/n --> OMX/txex/bx/n on input line 121.
\symlargesymbolsA=\mathgroup9
LaTeX Font Info:    Overwriting symbol font `largesymbolsA' in version `bold'
(Font)                  U/txexa/m/n --> U/txexa/bx/n on input line 129.
LaTeX Info: Redefining \not on input line 1043.
)
(C:\Users\GiBSoN\AppData\Roaming\MiKTeX\2.9\tex\latex\placeins\placeins.sty
Package: placeins 2005/04/18  v 2.2
)
(C:\Users\GiBSoN\AppData\Roaming\MiKTeX\2.9\tex\latex\listings\listings.sty
\lst@mode=\count102
\lst@gtempboxa=\box29
\lst@token=\toks23
\lst@length=\count103
\lst@currlwidth=\dimen116
\lst@column=\count104
\lst@pos=\count105
\lst@lostspace=\dimen117
\lst@width=\dimen118
\lst@newlines=\count106
\lst@lineno=\count107
\lst@maxwidth=\dimen119

(C:\Users\GiBSoN\AppData\Roaming\MiKTeX\2.9\tex\latex\listings\lstmisc.sty
File: lstmisc.sty 2014/03/04 1.5c (Carsten Heinz)
\c@lstnumber=\count108
\lst@skipnumbers=\count109
\lst@framebox=\box30
)
(C:\Users\GiBSoN\AppData\Roaming\MiKTeX\2.9\tex\latex\listings\listings.cfg
File: listings.cfg 2014/03/04 1.5c listings configuration
))
Package: listings 2014/03/04 1.5c (Carsten Heinz)

(E:\MiKTeX\tex\latex\graphics\color.sty
Package: color 2005/11/14 v1.0j Standard LaTeX Color (DPC)
 (E:\MiKTeX\tex\latex\00miktex\color.cfg
File: color.cfg 2007/01/18 v1.5 color configuration of teTeX/TeXLive
)
Package color Info: Driver file: pdftex.def on input line 130.
) (C:\Users\GiBSoN\AppData\Roaming\MiKTeX\2.9\tex\latex\framed\framed.sty
Package: framed 2011/10/22 v 0.96: framed or shaded text with page breaks
\OuterFrameSep=\skip46
\fb@frw=\dimen120
\fb@frh=\dimen121
\FrameRule=\dimen122
\FrameSep=\dimen123
)
(C:\Users\GiBSoN\AppData\Roaming\MiKTeX\2.9\tex\latex\filecontents\filecontents
.sty
Package: filecontents 2011/10/08 v1.3 Create an external file from within a LaT
eX document
) (C:\Users\GiBSoN\AppData\Roaming\MiKTeX\2.9\tex\latex\caption\caption.sty
Package: caption 2013/05/02 v3.3-89 Customizing captions (AR)
(C:\Users\GiBSoN\AppData\Roaming\MiKTeX\2.9\tex\latex\caption\caption3.sty
Package: caption3 2013/05/02 v1.6-88 caption3 kernel (AR)
Package caption3 Info: TeX engine: e-TeX on input line 57.
\captionmargin=\dimen124
\captionmargin@=\dimen125
\captionwidth=\dimen126
\caption@tempdima=\dimen127
\caption@indent=\dimen128
\caption@parindent=\dimen129
\caption@hangindent=\dimen130
)
\c@ContinuedFloat=\count110
Package caption Info: listings package is loaded.
Package caption Info: wrapfig package is loaded.
)
\c@definition=\count111
\c@example=\count112
\c@corollary=\count113

(E:\Dropbox\Private\Qubic\thesis\qubic-thesis.aux)
LaTeX Font Info:    Checking defaults for OML/txmi/m/it on input line 48.
LaTeX Font Info:    Try loading font information for OML+txmi on input line 48.


(C:\Users\GiBSoN\AppData\Roaming\MiKTeX\2.9\tex\latex\txfonts\omltxmi.fd
File: omltxmi.fd 2000/12/15 v3.1
)
LaTeX Font Info:    ... okay on input line 48.
LaTeX Font Info:    Checking defaults for T1/cmr/m/n on input line 48.
LaTeX Font Info:    ... okay on input line 48.
LaTeX Font Info:    Checking defaults for OT1/cmr/m/n on input line 48.
LaTeX Font Info:    ... okay on input line 48.
LaTeX Font Info:    Checking defaults for OMS/txsy/m/n on input line 48.
LaTeX Font Info:    Try loading font information for OMS+txsy on input line 48.


(C:\Users\GiBSoN\AppData\Roaming\MiKTeX\2.9\tex\latex\txfonts\omstxsy.fd
File: omstxsy.fd 2000/12/15 v3.1
)
LaTeX Font Info:    ... okay on input line 48.
LaTeX Font Info:    Checking defaults for OMX/txex/m/n on input line 48.
LaTeX Font Info:    Try loading font information for OMX+txex on input line 48.


(C:\Users\GiBSoN\AppData\Roaming\MiKTeX\2.9\tex\latex\txfonts\omxtxex.fd
File: omxtxex.fd 2000/12/15 v3.1
)
LaTeX Font Info:    ... okay on input line 48.
LaTeX Font Info:    Checking defaults for U/txexa/m/n on input line 48.
LaTeX Font Info:    Try loading font information for U+txexa on input line 48.

(C:\Users\GiBSoN\AppData\Roaming\MiKTeX\2.9\tex\latex\txfonts\utxexa.fd
File: utxexa.fd 2000/12/15 v3.1
)
LaTeX Font Info:    ... okay on input line 48.
LaTeX Font Info:    Try loading font information for T1+txr on input line 48.

(C:\Users\GiBSoN\AppData\Roaming\MiKTeX\2.9\tex\latex\txfonts\t1txr.fd
File: t1txr.fd 2000/12/15 v3.1
)
(C:\Users\GiBSoN\AppData\Roaming\MiKTeX\2.9\tex\context\base\supp-pdf.mkii
[Loading MPS to PDF converter (version 2006.09.02).]
\scratchcounter=\count114
\scratchdimen=\dimen131
\scratchbox=\box31
\nofMPsegments=\count115
\nofMParguments=\count116
\everyMPshowfont=\toks24
\MPscratchCnt=\count117
\MPscratchDim=\dimen132
\MPnumerator=\count118
\makeMPintoPDFobject=\count119
\everyMPtoPDFconversion=\toks25
)
\c@lstlisting=\count120
Package caption Info: Begin \AtBeginDocument code.
Package caption Info: End \AtBeginDocument code.
 <images/logo.png, id=1, 115.632pt x 153.2124pt>
File: images/logo.png Graphic file (type png)
 <use images/logo.png>
Package pdftex.def Info: images/logo.png used on input line 56.
(pdftex.def)             Requested size: 65.72623pt x 87.09116pt.
LaTeX Font Info:    Try loading font information for OT1+txr on input line 57.

(C:\Users\GiBSoN\AppData\Roaming\MiKTeX\2.9\tex\latex\txfonts\ot1txr.fd
File: ot1txr.fd 2000/12/15 v3.1
)
LaTeX Font Info:    Try loading font information for U+txsya on input line 57.

(C:\Users\GiBSoN\AppData\Roaming\MiKTeX\2.9\tex\latex\txfonts\utxsya.fd
File: utxsya.fd 2000/12/15 v3.1
)
LaTeX Font Info:    Try loading font information for U+txsyb on input line 57.

(C:\Users\GiBSoN\AppData\Roaming\MiKTeX\2.9\tex\latex\txfonts\utxsyb.fd
File: utxsyb.fd 2000/12/15 v3.1
)
LaTeX Font Info:    Try loading font information for U+txmia on input line 57.

(C:\Users\GiBSoN\AppData\Roaming\MiKTeX\2.9\tex\latex\txfonts\utxmia.fd
File: utxmia.fd 2000/12/15 v3.1
)
LaTeX Font Info:    Try loading font information for U+txsyc on input line 57.

(C:\Users\GiBSoN\AppData\Roaming\MiKTeX\2.9\tex\latex\txfonts\utxsyc.fd
File: utxsyc.fd 2000/12/15 v3.1
)
[1{C:/Users/GiBSoN/AppData/Local/MiKTeX/2.9/pdftex/config/pdftex.map}

 <E:/Dropbox/Private/Qubic/thesis/images/logo.png>]
(E:\Dropbox\Private\Qubic\thesis\qubic-thesis.toc
Overfull \hbox (6.27747pt too wide) in paragraph at lines 4--4
 [][] []\T1/txr/m/n/12 Przybli»enie istniej[]cych ap-likacji szkiele-towych z d
ziedziny 
 []


Overfull \hbox (19.5494pt too wide) in paragraph at lines 25--25
 [] []\T1/txr/bx/n/12 Analiza istniej[]cych ap-likacji do gen-erowa-nia opisu m
apowa-nia obiektowo- 
 []

[2


])
\tf@toc=\write3
 [3]
Rozdzia\IeC {\l } 1.

Overfull \hbox (12.28625pt too wide) in paragraph at lines 84--121
[]\T1/txr/m/n/12 Narz[]dzia czy ap-likacje szkiele-towe sªu»[]ce do mapowa-nia 
obiektowo-relacyjnego
 []


Overfull \hbox (0.81744pt too wide) in paragraph at lines 84--121
[] \T1/txr/m/n/12 u»y-wane przez pro-gramistów musz[] by¢ za-zwyczaj dopa-sowyw
ane do ich potrzeb.
 []


Overfull \hbox (12.44545pt too wide) in paragraph at lines 84--121
\T1/txr/m/n/12 relacyjnego mo»na znale¹¢ pewne wzorce i pro-gramy sªu»[]ce do g
en-erowa-nia warstwy
 []


Overfull \hbox (31.02144pt too wide) in paragraph at lines 84--121
\T1/txr/m/n/12 tego typu narz[]dzi bardziej sku-pia si[] na rozwi[]zaniu konkre
t-nych prob-lemów zwi[]zanych
 []


Overfull \hbox (9.96146pt too wide) in paragraph at lines 84--121
\T1/txr/m/n/12 deweloperom na prace z konkret-nymi obiek-tami, bez prak-ty-czne
j zna-jo-mo±ci j[]zyków
 []


Overfull \hbox (35.59341pt too wide) in paragraph at lines 84--121
\T1/txr/m/n/12 mod-uªów. Moduª gen-er-a-tora opisu mapowa-nia obiektowo-relacyj
nego b[]dzie udost[]pniony
 []


Overfull \hbox (16.09273pt too wide) in paragraph at lines 84--121
\T1/txr/m/n/12 by¢ u»y-wane nieza-le»nie. W niniejszej pracy zostanie przed-sta
w-iony moduª generuj[]cy
 []


Overfull \hbox (12.49342pt too wide) in paragraph at lines 84--121
\T1/txr/m/n/12 rozwi[]zaniem prob-lemu gen-erowa-nia opisu mapowa-nia obiektowo
-relacyjnego. Drugi
 []

[4

]
Overfull \hbox (10.3761pt too wide) in paragraph at lines 123--123
[]\T1/txr/bx/n/14.4 Przybli»enie istniej[]cych ap-likacji szkiele-towych z dzie
dziny
 []


Overfull \hbox (10.02142pt too wide) in paragraph at lines 124--126
\T1/txr/m/n/12 Speªnienie tego celu wi[]»e si[] z poz-naniem prob-lematyki gen-
erowa-nia opisu mapowa-
 []


Overfull \hbox (23.72545pt too wide) in paragraph at lines 124--126
\T1/txr/m/n/12 erowa-nia warstwy danych ap-likacji. Nale»y zdefin-iowa¢ oraz za
-pro-ponowa¢ rozwi[]zanie
 []


Overfull \hbox (16.45345pt too wide) in paragraph at lines 124--126
\T1/txr/m/n/12 prob-lemu gen-erowa-nia warstwy danych ap-likacji, a nast[]pnie 
przeanal-i-zowa¢ istniej[]ce
 []


Overfull \hbox (3.86543pt too wide) in paragraph at lines 124--126
\T1/txr/m/n/12 ap-likacje sªu»[]ce do mapowa-nia obiektowo-relacyjnego oferuj[]
ce funkcj[] gen-erowa-
 []

[5]
Overfull \hbox (5.88144pt too wide) in paragraph at lines 127--128
\T1/txr/m/n/12 Po rozpoz-na-niu prob-lematyki tem-atu i za-pro-ponowa-niu wªas-
nego rozwi[]zania nale»y
 []


Overfull \hbox (18.7334pt too wide) in paragraph at lines 127--128
\T1/txr/m/n/12 gen-erowa-nia opisu mapowa-nia obiektowo-relacyjnego. Kole-jnym 
krok-iem jest stworze-
 []


Overfull \hbox (4.81772pt too wide) in paragraph at lines 128--128
[]\T1/txr/bx/n/14.4 Porównanie stwor-zonej ap-likacji z ju» istniej[]cymi ap-li
kac-
 []


Underfull \hbox (badness 10000) in paragraph at lines 133--137

 []


Overfull \hbox (2.82011pt too wide) in paragraph at lines 133--137
\T1/txr/m/n/12 atyki gen-erowa-nia opisu mapowa-nia obiektowo-relacyjnego, wi[]
kszo±¢ ¹ródeª
 []


Overfull \hbox (33.5281pt too wide) in paragraph at lines 137--140
[]\T1/txr/m/n/12 Analiza wyma-ga« ap-likacji szkiele-towych generuj[]cych opis 
mapowa-nia obiektowo-
 []


Underfull \hbox (badness 10000) in paragraph at lines 137--140

 []


Overfull \hbox (16.32011pt too wide) in paragraph at lines 137--140
\T1/txr/m/n/12 Narz[]dzia zajmuj[]ce si[] gen-erowaniem opisu mapowa-nia obiekt
owo-relacyjnego
 []


Overfull \hbox (5.14812pt too wide) in paragraph at lines 137--140
\T1/txr/m/n/12 Podob-nie jest i w tym przy-padku gdzie wyma-gania gen-er-a-tora
 opisu s[] postaw-
 []


Overfull \hbox (30.8281pt too wide) in paragraph at lines 137--140
\T1/txr/m/n/12 ione przez drugi moduª ap-likacji zajmuj[]cy si[] mapowaniem obi
ektowo-relacyjnym. 
 []

[6]
Underfull \hbox (badness 10000) in paragraph at lines 140--142

 []


Overfull \hbox (9.57542pt too wide) in paragraph at lines 140--142
\T1/txr/m/n/12 W opar-ciu o ze-brane in-for-ma-cje i wyma-gania ap-likacji szki
ele-towych sªu»[]cych
 []


Overfull \hbox (15.08412pt too wide) in paragraph at lines 140--142
\T1/txr/m/n/12 ap-likacja szkiele-towa maj[]ca na celu rozwi[]zanie prob-lemów 
zi-den-ty-fikowanych
 []


Underfull \hbox (badness 10000) in paragraph at lines 142--144

 []


Overfull \hbox (8.65215pt too wide) in paragraph at lines 142--144
\T1/txr/m/n/12 wyci[]gni[]te zostan[] odpowied-nie wnioski na temat sposobu roz
wi[]zania przed-
 []


Overfull \hbox (3.55215pt too wide) in paragraph at lines 142--144
\T1/txr/m/n/12 czy pro-ponowane rozwi[]zanie jest lep-sze, ta«sze, szyb-sze od 
porówny-wanych. 
 []

[7]
Overfull \hbox (1.42943pt too wide) in paragraph at lines 164--175
\T1/txr/m/n/12 Zna-j-duje si[] tam opis warstwy dost[]pu do danych, która musi 
zosta¢ wygen-erowana.
 []


Overfull \hbox (39.26544pt too wide) in paragraph at lines 164--175
\T1/txr/m/n/12 Nast[]pnie po kolei przed-staw-ione zostaj[] tem-atyki zwi[]zane
 z bazami danych, mapowaniem
 []


Overfull \hbox (5.84543pt too wide) in paragraph at lines 164--175
\T1/txr/m/n/12 Kolejny rozdziaª opisuje faz[] pro-jek-towa-nia i im-ple-men-tac
ji ap-likacji Qubic. Spisane
 []

[8] [9]
Rozdzia\IeC {\l } 2.

Overfull \hbox (21.12146pt too wide) in paragraph at lines 178--179
\T1/txr/m/n/12 danych, ap-likac-jami z za-kresu ORM, wzor-cami pro-jek-towymi, 
ap-likac-jami zajmuj[]cymi
 []

[10

]
Overfull \hbox (9.34947pt too wide) in paragraph at lines 183--184
\T1/txr/m/n/12 Pro-ces ten za-zwyczaj ma na celu zdefin-iowanie poª[]cze« mi[]d
zy tabelami, a nast[]pnie
 []


Overfull \hbox (18.49341pt too wide) in paragraph at lines 187--188
\T1/txr/m/n/12 s[] one na pod-stawie metadanych opisuj[]cych to odw-zorowanie. 
Mapowanie obiektowo-
 []

LaTeX Font Info:    Try loading font information for OMS+txr on input line 189.

(C:\Users\GiBSoN\AppData\Roaming\MiKTeX\2.9\tex\latex\txfonts\omstxr.fd
File: omstxr.fd 2000/12/15 v3.1
)
LaTeX Font Info:    Font shape `OMS/txr/m/n' in size <12> not available
(Font)              Font shape `OMS/txsy/m/n' tried instead on input line 189.

Overfull \hbox (77.50581pt too wide) has occurred while \output is active
\T1/txr/m/sl/12 ROZDZIAŠ 2.  GENERATOR OPISU MAPOWANIA OBIEKTOWO-RELACYJNEGO W 
C++ \T1/txr/m/n/12 11
 []

[11] <images/orm.png, id=44, 413.29407pt x 114.4275pt>
File: images/orm.png Graphic file (type png)
 <use images/orm.png>
Package pdftex.def Info: images/orm.png used on input line 197.
(pdftex.def)             Requested size: 398.33858pt x 110.28914pt.

Underfull \hbox (badness 1596) in paragraph at lines 198--198
[]\T1/txr/m/n/12 Rys. 2.1: |Up-roszc-zony prze-bieg gen-erowa-nia opisu mapowa-
nia obiektowo-
 []


Overfull \hbox (1.66815pt too wide) in paragraph at lines 208--209
[]\T1/txr/m/n/12 Wzorce czyn-no±-ciowe - opisuj[]ce za-chowanie i powi[]zania w
spóªpracuj[]cych
 []


Overfull \hbox (77.50581pt too wide) has occurred while \output is active
\T1/txr/m/sl/12 ROZDZIAŠ 2.  GENERATOR OPISU MAPOWANIA OBIEKTOWO-RELACYJNEGO W 
C++ \T1/txr/m/n/12 12
 []

[12 <E:/Dropbox/Private/Qubic/thesis/images/orm.png>]
<images/mvc.jpg, id=50, 321.2pt x 321.2pt>
File: images/mvc.jpg Graphic file (type jpg)
 <use images/mvc.jpg>
Package pdftex.def Info: images/mvc.jpg used on input line 220.
(pdftex.def)             Requested size: 239.00557pt x 239.01248pt.

<images/dao.jpg, id=51, 425.59pt x 168.63pt>
File: images/dao.jpg Graphic file (type jpg)
 <use images/dao.jpg>
Package pdftex.def Info: images/dao.jpg used on input line 229.
(pdftex.def)             Requested size: 318.67207pt x 126.27405pt.

Overfull \hbox (77.50581pt too wide) has occurred while \output is active
\T1/txr/m/sl/12 ROZDZIAŠ 2.  GENERATOR OPISU MAPOWANIA OBIEKTOWO-RELACYJNEGO W 
C++ \T1/txr/m/n/12 13
 []

[13 <E:/Dropbox/Private/Qubic/thesis/images/mvc.jpg>]
<images/dll.png, id=56, 551.81157pt x 411.78844pt>
File: images/dll.png Graphic file (type png)
 <use images/dll.png>
Package pdftex.def Info: images/dll.png used on input line 244.
(pdftex.def)             Requested size: 278.83578pt x 208.0866pt.

Overfull \hbox (1.32146pt too wide) in paragraph at lines 241--247
\T1/txr/m/n/12 ces który za-ªaduje taka bibliotek[] do wªas-nej pami[]ci pro-ce
su je-dynie ma-puje adresy
 []


LaTeX Warning: `h' float specifier changed to `ht'.


Overfull \hbox (77.50581pt too wide) has occurred while \output is active
\T1/txr/m/sl/12 ROZDZIAŠ 2.  GENERATOR OPISU MAPOWANIA OBIEKTOWO-RELACYJNEGO W 
C++ \T1/txr/m/n/12 14
 []

[14 <E:/Dropbox/Private/Qubic/thesis/images/dao.jpg>]
Overfull \hbox (5.90413pt too wide) in paragraph at lines 252--253
[]\T1/txr/m/n/12 Wsparcie dla bu-dowa-nia in-ter-fe-jsu u»ytkown-ika przy u»y-c
iu ró»nych narz[]dzie 
 []


Overfull \hbox (77.50581pt too wide) has occurred while \output is active
\T1/txr/m/sl/12 ROZDZIAŠ 2.  GENERATOR OPISU MAPOWANIA OBIEKTOWO-RELACYJNEGO W 
C++ \T1/txr/m/n/12 15
 []

[15 <E:/Dropbox/Private/Qubic/thesis/images/dll.png>]
Rozdzia\IeC {\l } 3.

Overfull \hbox (8.07668pt too wide) in paragraph at lines 260--261
\T1/txr/m/n/12 W j[]zyku C++ brak jest podob-nych ap-likacji zajmuj[]cych sie g
en-erowaniem warstwy
 []


Overfull \hbox (10.62143pt too wide) in paragraph at lines 260--261
\T1/txr/m/n/12 dost[]pu do danych ap-likacji. Istniej[] ap-likacje zajmuj[]ce s
i[] mapowaniem obiektowo-
 []


Overfull \hbox (11.79744pt too wide) in paragraph at lines 262--265
\T1/txr/m/n/12 ce« wywoªuj[]c odpowiedni[] klas[]. Je-dynym wymo-giem oprócz po
si-ada-nia odpowied-
 []

[16

]
Overfull \hbox (0.8641pt too wide) in paragraph at lines 269--270
[]\T1/txr/m/n/12 Ze wzgl[]du na budow[] mod-elu warstwy danych ap-likacji wymag
a du»ej ilo±ci
 []


Overfull \hbox (279.05641pt too wide) has occurred while \output is active
\T1/txr/m/sl/12 ROZDZIAŠ 3.  ANALIZA ISTNIEJ[]CYCH APLIKACJI DO GENEROWANIA OPI
SU MAPOWANIA OBIEKTOWO-RELACYJNEGO \T1/txr/m/n/12 17
 []

[17]
Rozdzia\IeC {\l } 4.
<images/c++test.png, id=70, 458.46281pt x 277.035pt>
File: images/c++test.png Graphic file (type png)
 <use images/c++test.png>
Package pdftex.def Info: images/c++test.png used on input line 289.
(pdftex.def)             Requested size: 438.17487pt x 264.78809pt.

Overfull \hbox (39.83629pt too wide) in paragraph at lines 289--290
 [][] 
 []


LaTeX Warning: `h' float specifier changed to `ht'.

[18

]
Overfull \hbox (7.32144pt too wide) in paragraph at lines 301--302
\T1/txr/m/n/12 U»yty zestaw bib-liotek nale»y do frame-worka Qt. Udost[]pnia on
 bib-lioteki przeno±ne
 []


Overfull \hbox (10.51341pt too wide) in paragraph at lines 301--302
\T1/txr/m/n/12 i narz[]dzia pro-gramisty-czne dedykowane dla j[]zyków C++, Java
 czy QML. Gªównym
 []


Overfull \hbox (5.64912pt too wide) has occurred while \output is active
\T1/txr/m/sl/12 ROZDZIAŠ 4.  TECHNOLOGIE I METODY U›YTE W CZ[]‘CI BADAWCZEJ \T1
/txr/m/n/12 19
 []

[19 <E:/Dropbox/Private/Qubic/thesis/images/c++test.png>]
Overfull \hbox (7.83739pt too wide) in paragraph at lines 303--304
\T1/txr/m/n/12 troli wer-sji o nazwie GIT. Pozwalaªo to kon-trolowa¢ caªy pro-c
es pow-stawa-nia Qubica.
 []

<images/git.png, id=79, 777.65532pt x 629.35126pt>
File: images/git.png Graphic file (type png)
 <use images/git.png>
Package pdftex.def Info: images/git.png used on input line 307.
(pdftex.def)             Requested size: 358.50227pt x 290.13889pt.

Overfull \hbox (5.64912pt too wide) has occurred while \output is active
\T1/txr/m/sl/12 ROZDZIAŠ 4.  TECHNOLOGIE I METODY U›YTE W CZ[]‘CI BADAWCZEJ \T1
/txr/m/n/12 20
 []

[20 <E:/Dropbox/Private/Qubic/thesis/images/git.png>]
Rozdzia\IeC {\l } 5.

Overfull \hbox (2.07674pt too wide) in paragraph at lines 315--316
\T1/txr/m/n/12 likacji Qubic. W pier-wszej cz[]±ci s[] zdefin-iowane wyma-gania
 ap-likacji oraz opisane
 []


Overfull \hbox (7.70544pt too wide) in paragraph at lines 315--316
\T1/txr/m/n/12 tech-nolo-gie i metodolo-gie u»yte w pro-jek-cie z podzi-aªem na
 warstwy mod-elu, widoku
 []


Overfull \hbox (1.9094pt too wide) in paragraph at lines 319--320
\T1/txr/m/n/12 Ze wzgl[]du na budow[] wªas-nego sys-temu mapowa-nia obiektowo-r
elacyjnego moduª
 []

[21

]
Overfull \hbox (23.43742pt too wide) in paragraph at lines 331--332
\T1/txr/m/n/12 mapowanie obiektowo-relacyjnym na baz[] danych zostaªy naªo»one 
pewne ograniczenia: 
 []


Overfull \hbox (0.45746pt too wide) in paragraph at lines 337--338
\T1/txr/m/n/12 Równie» bª[]dne wskazanie relacji w tabelach mo»e wi[]za¢ si[] z
 bª[]dami log-icznymi
 []

[22]
(C:\Users\GiBSoN\AppData\Roaming\MiKTeX\2.9\tex\latex\listings\lstlang1.sty
File: lstlang1.sty 2014/03/04 1.5c listings language file
)
(E:\Dropbox\Private\Qubic\thesis\additional/database.sql) [23]
Overfull \hbox (8.95343pt too wide) in paragraph at lines 345--347
\T1/txr/m/n/12 posi-ada¢ up-rawnienia do od-czytu in-for-ma-cji z tabel opisuj[
]cych budow[] bazy danych.
 []


Overfull \hbox (3.92545pt too wide) in paragraph at lines 348--349
\T1/txr/m/n/12 Projektowana ap-likacja zostaªa oparta o wzorzec model-widok-kon
troler, gdzie mod-
 []

<images/QubicUseCase.png, id=92, 1058.95625pt x 751.80875pt>
File: images/QubicUseCase.png Graphic file (type png)

<use images/QubicUseCase.png>
Package pdftex.def Info: images/QubicUseCase.png used on input line 352.
(pdftex.def)             Requested size: 597.50786pt x 424.19914pt.

Overfull \hbox (25.86057pt too wide) in paragraph at lines 352--353
 [][] 
 []


LaTeX Warning: Float too large for page by 52.95273pt on input line 354.


LaTeX Warning: `h' float specifier changed to `ht'.

[24] [25 <E:/Dropbox/Private/Qubic/thesis/images/QubicUseCase.png>]
Overfull \hbox (30.38548pt too wide) in paragraph at lines 357--359
\T1/txr/m/n/12 nia, który na-jpierw od-czy-tuje dane z bazy i za-pisuje je do p
ami[]ci, nast[]pnie przeprowadza
 []

<images/Qubic.png, id=101, 1390.19376pt x 785.93625pt>
File: images/Qubic.png Graphic file (type png)
 <use images/Qubic.png>
Package pdftex.def Info: images/Qubic.png used on input line 362.
(pdftex.def)             Requested size: 637.34415pt x 360.31183pt.


LaTeX Warning: Float too large for page by 92.78902pt on input line 364.


LaTeX Warning: `h' float specifier changed to `ht'.

[26

] [27 <E:/Dropbox/Private/Qubic/thesis/images/Qubic.png>]
Overfull \hbox (3.51425pt too wide) in paragraph at lines 367--369
[]\T1/txr/m/n/12 Paczka QcU-til-ity jest w is-to-cie bibliotek[] wspóªdzielon[]
 realizuj[]c[] gen-erowanie
 []


Overfull \hbox (13.21342pt too wide) in paragraph at lines 367--369
\T1/txr/m/n/12 opisu mapowa-nia obiektowo-relacyjnego. Moduª Qc-Gen-er-a-tor na
to-mi-ast jest aplikacj[]
 []


Overfull \hbox (5.18547pt too wide) in paragraph at lines 367--369
\T1/txr/m/n/12 jest baza danych, której struk-tura zostaªa przed-staw-iona we w
cze±niejszym rozdziale.
 []


Overfull \hbox (2.77023pt too wide) in paragraph at lines 367--369
[]\T1/txr/m/n/12 Moduª gªówny zajmuj[]cy si[] gen-erowaniem zostaª podzielony n
a log-iczne cz[]±ci
 []

<images/logger.png, id=109, 1258.7025pt x 723.70375pt>
File: images/logger.png Graphic file (type png)
 <use images/logger.png>
Package pdftex.def Info: images/logger.png used on input line 372.
(pdftex.def)             Requested size: 378.42043pt x 217.5766pt.

[28

 <E:/Dropbox/Private/Qubic/thesis/images/logger.png>]
<images/properties.png, id=114, 787.94376pt x 661.47125pt>
File: images/properties.png Graphic file (type png)

<use images/properties.png>
Package pdftex.def Info: images/properties.png used on input line 381.
(pdftex.def)             Requested size: 438.17487pt x 367.83751pt.

Overfull \hbox (39.83629pt too wide) in paragraph at lines 381--382
 [][] 
 []


Overfull \hbox (24.49028pt too wide) in paragraph at lines 386--387
[]\T1/txr/m/n/12 Wszelkie ustaw-ienia potrzebne do poª[]czenia z baz[] danych o
raz do przeprowadzenia
 []


Overfull \hbox (22.89743pt too wide) in paragraph at lines 386--387
\T1/txr/m/n/12 pro-cesu mapowa-nia tabel na klasy s[] ob-sªugi-wane przez powy»
szy moduª. Udost[]pniony
 []

<images/database.png, id=115, 732.7375pt x 445.665pt>
File: images/database.png Graphic file (type png)

<use images/database.png>
Package pdftex.def Info: images/database.png used on input line 390.
(pdftex.def)             Requested size: 438.17487pt x 266.51022pt.

Overfull \hbox (39.83629pt too wide) in paragraph at lines 390--391
 [][] 
 []


LaTeX Warning: `h' float specifier changed to `ht'.

[29 <E:/Dropbox/Private/Qubic/thesis/images/properties.png>]
Overfull \hbox (16.76413pt too wide) in paragraph at lines 397--398
[]\T1/txr/m/n/12 jest odpowiedzialny za ut-worze-nie poª[]czenia z baz[] danych
 i od-czyt metadanych
 []

<images/schema.png, id=120, 1287.81125pt x 782.925pt>
File: images/schema.png Graphic file (type png)
 <use images/schema.png>
Package pdftex.def Info: images/schema.png used on input line 403.
(pdftex.def)             Requested size: 438.17487pt x 266.38213pt.

Overfull \hbox (39.83629pt too wide) in paragraph at lines 403--404
 [][] 
 []


LaTeX Warning: `h' float specifier changed to `ht'.

[30 <E:/Dropbox/Private/Qubic/thesis/images/database.png>]
Overfull \hbox (24.51427pt too wide) in paragraph at lines 408--409
[]\T1/txr/m/n/12 Powy»szy moduª jest najwa»niejsz[] cz[]±ci[] ap-likacji. Jego 
zadaniem jest przetworze-
 []

<images/generator.png, id=125, 1119.18124pt x 798.985pt>
File: images/generator.png Graphic file (type png)

<use images/generator.png>
Package pdftex.def Info: images/generator.png used on input line 419.
(pdftex.def)             Requested size: 438.17487pt x 312.80986pt.

Overfull \hbox (39.83629pt too wide) in paragraph at lines 419--420
 [][] 
 []


LaTeX Warning: `h' float specifier changed to `ht'.

[31 <E:/Dropbox/Private/Qubic/thesis/images/schema.png>]
Overfull \hbox (22.1534pt too wide) in paragraph at lines 427--429
\T1/txr/m/n/12 ze gªówny przepªyw danych przy gen-erowa-niu opisu mapowa-nia ob
iektowo-relacyjnego.
 []

[32 <E:/Dropbox/Private/Qubic/thesis/images/generator.png>]
(C:\Users\GiBSoN\AppData\Roaming\MiKTeX\2.9\tex\latex\listings\lstlang1.sty
File: lstlang1.sty 2014/03/04 1.5c listings language file
)
(C:\Users\GiBSoN\AppData\Roaming\MiKTeX\2.9\tex\latex\listings\lstlang1.sty
File: lstlang1.sty 2014/03/04 1.5c listings language file
)
(C:\Users\GiBSoN\AppData\Roaming\MiKTeX\2.9\tex\latex\listings\lstmisc.sty
File: lstmisc.sty 2014/03/04 1.5c (Carsten Heinz)
)
(E:\Dropbox\Private\Qubic\thesis\additional/qcdatabase.h) [33]
(E:\Dropbox\Private\Qubic\thesis\additional/databasedescriptor.h) [34]
(E:\Dropbox\Private\Qubic\thesis\additional/mysqldescriptor.cpp) [35]
Underfull \vbox (badness 10000) detected at line 444
 []


Underfull \vbox (badness 10000) detected at line 444
 []

[36]
Overfull \hbox (4.80147pt too wide) in paragraph at lines 446--447
\T1/txr/m/n/12 b[]dzie ob-sªugi-wany przez aplikacj[] nale»y rozsz-erzy¢ t[] kl
as[], do-da¢ wpis do funkcji
 []

[37] (E:\Dropbox\Private\Qubic\thesis\additional/qcmetafield.h) [38]
Overfull \hbox (13.57344pt too wide) in paragraph at lines 452--453
\T1/txr/m/n/12 która za-j-muje si[] przetworze-niem in-for-ma-cji po-branych z 
bazy danych na odpowiedni[]
 []


Overfull \hbox (39.74545pt too wide) in paragraph at lines 452--453
\T1/txr/m/n/12 struktur[] danych przechowywan[] w pami[]ci. Gªówna funkcja get-
Ta-bles jest odpowiedzialna
 []

(E:\Dropbox\Private\Qubic\thesis\additional/qcschemagenerator.cpp) [39]
Underfull \vbox (badness 10000) detected at line 456
 []


Underfull \vbox (badness 10000) detected at line 456
 []

[40]
Underfull \vbox (badness 10000) detected at line 456
 []


Underfull \vbox (badness 10000) detected at line 456
 []

[41]
Underfull \vbox (badness 10000) detected at line 456
 []


Underfull \vbox (badness 10000) detected at line 456
 []

[42]
Overfull \hbox (22.72624pt too wide) in paragraph at lines 458--459
[]\T1/txr/m/n/12 Na pod-stawie ut-wor-zonej struk-tury danych gen-erowane s[] p
liki pro-jektu. Odpowiada
 []

(E:\Dropbox\Private\Qubic\thesis\additional/qcfilegenerator.h) [43] [44]
(E:\Dropbox\Private\Qubic\thesis\additional/qcgenerator.cpp) [45]
Underfull \vbox (badness 10000) detected at line 468
 []


Underfull \vbox (badness 10000) detected at line 468
 []

[46]
Underfull \vbox (badness 10000) detected at line 468
 []


Underfull \vbox (badness 10000) detected at line 468
 []

[47] (E:\Dropbox\Private\Qubic\thesis\additional/jooq.log
Overfull \hbox (9.26537pt too wide) in paragraph at lines 2--3
[][][][][][][][][][][][][][][][][][][][][] 
 []


Underfull \hbox (badness 10000) in paragraph at lines 3--4
[][][][][][][][][][]
 []


Overfull \hbox (9.26537pt too wide) in paragraph at lines 4--5
[][][][][][][][][][][][][][][][][][][][][] 
 []


Underfull \hbox (badness 10000) in paragraph at lines 5--6
[][][][][][][][][][]
 []


Overfull \hbox (9.26537pt too wide) in paragraph at lines 7--8
[][][][][][][][][][][][][][][][][][][][][] 
 []


Underfull \hbox (badness 10000) in paragraph at lines 8--9
[][][][][][][][][][]
 []


Overfull \hbox (9.26537pt too wide) in paragraph at lines 10--11
[][][][][][][][][][][][][][][][][][][][][] 
 []


Underfull \hbox (badness 10000) in paragraph at lines 11--12
[][][][][][][][][][]
 []


Overfull \hbox (9.26537pt too wide) in paragraph at lines 13--14
[][][][][][][][][][][][][][][][][][][][][] 
 []


Overfull \hbox (9.26537pt too wide) in paragraph at lines 15--16
[][][][][][][][][][][][][][][][][][][][][] 
 []


Overfull \hbox (9.26537pt too wide) in paragraph at lines 17--18
[][][][][][][][][][][][][][][][][][][][][] 
 []


Underfull \hbox (badness 10000) in paragraph at lines 18--19
[][][][][][][][][][][][]
 []


Overfull \hbox (9.26537pt too wide) in paragraph at lines 19--20
[][][][][][][][][][][][][][][][][][][][][] 
 []


Overfull \hbox (9.26537pt too wide) in paragraph at lines 21--22
[][][][][][][][][][][][][][][][][][][][][] 
 []


Underfull \hbox (badness 10000) in paragraph at lines 22--23
[][][][][][][][][][]
 []


Overfull \hbox (9.26537pt too wide) in paragraph at lines 23--24
[][][][][][][][][][][][][][][][][][][][][] 
 []


Overfull \hbox (9.26537pt too wide) in paragraph at lines 25--26
[][][][][][][][][][][][][][][][][][][][][] 
 []


Underfull \hbox (badness 10000) in paragraph at lines 26--27
[][][][][][][][][][]
 []


Overfull \hbox (9.26537pt too wide) in paragraph at lines 27--28
[][][][][][][][][][][][][][][][][][][][][] 
 []


Overfull \hbox (9.26537pt too wide) in paragraph at lines 29--30
[][][][][][][][][][][][][][][][][][][][][] 
 []


Underfull \hbox (badness 10000) in paragraph at lines 30--31
[][][][][][][][][][]
 []


Overfull \hbox (9.26537pt too wide) in paragraph at lines 31--32
[][][][][][][][][][][][][][][][][][][][][] 
 []


Overfull \hbox (9.26537pt too wide) in paragraph at lines 33--34
[][][][][][][][][][][][][][][][][][][][][] 
 []


Underfull \hbox (badness 10000) in paragraph at lines 34--35
[][][][][][][][][][][][]
 []


Overfull \hbox (9.26537pt too wide) in paragraph at lines 35--36
[][][][][][][][][][][][][][][][][][][][][] 
 []


Underfull \hbox (badness 10000) in paragraph at lines 36--37
[][][][][][][][][][]
 []


Overfull \hbox (9.26537pt too wide) in paragraph at lines 37--38
[][][][][][][][][][][][][][][][][][][][][] 
 []


Underfull \hbox (badness 10000) in paragraph at lines 38--39
[][][][][][][][][][]
 []


Overfull \hbox (9.26537pt too wide) in paragraph at lines 39--40
[][][][][][][][][][][][][][][][][][][][][] 
 []

)
Underfull \hbox (badness 10000) in paragraph at lines 40--475
[][][][][][][][][][][]
 []

[48] <images/qubic-gen.png, id=187, 401.24907pt x 374.90062pt>
File: images/qubic-gen.png Graphic file (type png)

<use images/qubic-gen.png>
Package pdftex.def Info: images/qubic-gen.png used on input line 480.
(pdftex.def)             Requested size: 438.17487pt x 409.42873pt.

Overfull \hbox (39.83629pt too wide) in paragraph at lines 480--481
 [][] 
 []

[49]
Overfull \hbox (27.20541pt too wide) in paragraph at lines 498--514
\T1/txr/m/n/12 Porównanie funkcjon-al-no±ci samego gen-er-a-tora opisu mapowa-n
ia obiektowo-relacyjnego
 []

[50 <E:/Dropbox/Private/Qubic/thesis/images/qubic-gen.png>] [51]
Rozdzia\IeC {\l } 6.

Overfull \hbox (1.48944pt too wide) in paragraph at lines 518--519
\T1/txr/m/n/12 podobne ap-likacje. Do-datkowym atutem stwor-zonej ap-likacji je
st ws-par-cie wi[]kszej
 []


Overfull \hbox (3.92546pt too wide) in paragraph at lines 522--524
\T1/txr/m/n/12 gramis-tom, których zadaniem jest stworze-nie bazy, a ªatwiejsze
 jest dla nich stworze-
 []

[52

] [53]
Overfull \hbox (31.77226pt too wide) in paragraph at lines 533--534
[]\T1/txr/m/n/12 http://msdn.microsoft.com/en-us/library/windows/desktop/ms6819
14(v=vs.85).aspx
 []


Underfull \hbox (badness 10000) in paragraph at lines 534--535
[]\T1/txr/m/n/12 http://docs.jboss.org/hibernate/orm/4.3/manual/en-US/html/ - [
dost[]p
 []


Underfull \hbox (badness 10000) in paragraph at lines 538--539
[]\T1/txr/m/n/12 http://www.oracle.com/technetwork/java/dataaccessobject-138824
.html -
 []


Underfull \hbox (badness 10000) in paragraph at lines 541--542
[]\T1/txr/m/n/12 http://www.visual-paradigm.com/VPGallery/img/orm/Overview/ORM-

 []


Underfull \hbox (badness 10000) in paragraph at lines 542--543
[]\T1/txr/m/n/12 http://blog.famzah.net/2010/07/01/cpp-vs-python-vs-perl-vs-php
-
 []

[54

]
Underfull \hbox (badness 10000) in paragraph at lines 543--544
[]\T1/txr/m/n/12 http://webroad.pl/wp-content/uploads/2012/12/images_old_mvs-sc
hemat.jpg
 []


Overfull \hbox (36.26024pt too wide) in paragraph at lines 544--545
[]\T1/txr/m/n/12 http://www.oracle.com/ocom/groups/public/@otn/documents/digita
lasset/146804.jpg
 []

[55] (E:\Dropbox\Private\Qubic\thesis\qubic-thesis.lof)
\tf@lof=\write4
 [56

]
(E:\Dropbox\Private\Qubic\thesis\qubic-thesis.lot)
\tf@lot=\write5
 [57

]
(E:\Dropbox\Private\Qubic\thesis\qubic-thesis.aux) ) 
Here is how much of TeX's memory you used:
 6854 strings out of 493921
 93088 string characters out of 3154497
 432875 words of memory out of 3000000
 9978 multiletter control sequences out of 15000+200000
 61098 words of font info for 111 fonts, out of 3000000 for 9000
 841 hyphenation exceptions out of 8191
 36i,9n,63p,825b,1307s stack positions out of 5000i,500n,10000p,200000b,50000s
{E:/MiKTeX/fonts/enc/dvips/
fontname/8r.enc}<C:/Users/GiBSoN/AppData/Roaming/MiKTeX/2.9/fonts/type1/public/
txfonts/rtxb.pfb><C:/Users/GiBSoN/AppData/Roaming/MiKTeX/2.9/fonts/type1/public
/txfonts/rtxi.pfb><C:/Users/GiBSoN/AppData/Roaming/MiKTeX/2.9/fonts/type1/publi
c/txfonts/rtxr.pfb><C:/Users/GiBSoN/AppData/Roaming/MiKTeX/2.9/fonts/type1/publ
ic/txfonts/rtxr.pfb><C:/Users/GiBSoN/AppData/Roaming/MiKTeX/2.9/fonts/type1/pub
lic/txfonts/txsy.pfb><E:/MiKTeX/fonts/type1/urw/times/utmb8a.pfb><E:/MiKTeX/fon
ts/type1/urw/times/utmr8a.pfb><E:/MiKTeX/fonts/type1/urw/times/utmr8a.pfb><E:/M
iKTeX/fonts/type1/urw/times/utmri8a.pfb>
Output written on qubic-thesis.pdf (57 pages, 1100532 bytes).
PDF statistics:
 249 PDF objects out of 1000 (max. 8388607)
 0 named destinations out of 1000 (max. 500000)
 76 words of extra memory for PDF output out of 10000 (max. 10000000)

